{
  "stats": {
    "suites": 2,
    "tests": 8,
    "passes": 8,
    "pending": 0,
    "failures": 0,
    "start": "2025-04-13T04:45:42.862Z",
    "end": "2025-04-13T04:45:49.489Z",
    "duration": 6627,
    "testsRegistered": 8,
    "passPercent": 100,
    "pendingPercent": 0,
    "other": 0,
    "hasOther": false,
    "skipped": 0,
    "hasSkipped": false
  },
  "results": [
    {
      "uuid": "fbdd95fb-c43e-4752-be63-37d4d9400a77",
      "title": "",
      "fullFile": "cypress/e2e/2-advanced-examples/connectors.cy.js",
      "file": "cypress/e2e/2-advanced-examples/connectors.cy.js",
      "beforeHooks": [],
      "afterHooks": [],
      "tests": [],
      "suites": [
        {
          "uuid": "653f435f-2ec3-4405-9ecc-62b569f8419d",
          "title": "Connectors",
          "fullFile": "",
          "file": "",
          "beforeHooks": [],
          "afterHooks": [],
          "tests": [
            {
              "title": ".each() - iterate over an array of elements",
              "fullTitle": "Connectors .each() - iterate over an array of elements",
              "timedOut": null,
              "duration": 1616,
              "state": "passed",
              "speed": "fast",
              "pass": true,
              "fail": false,
              "pending": false,
              "context": null,
              "code": "// https://on.cypress.io/each\ncy.get('.connectors-each-ul>li').each(($el, index, $list) => {\n  console.log($el, index, $list);\n});",
              "err": {},
              "uuid": "383037e2-582c-4fde-b74d-923c450e61de",
              "parentUUID": "653f435f-2ec3-4405-9ecc-62b569f8419d",
              "isHook": false,
              "skipped": false
            },
            {
              "title": ".its() - get properties on the current subject",
              "fullTitle": "Connectors .its() - get properties on the current subject",
              "timedOut": null,
              "duration": 200,
              "state": "passed",
              "speed": "fast",
              "pass": true,
              "fail": false,
              "pending": false,
              "context": null,
              "code": "// https://on.cypress.io/its\ncy.get('.connectors-its-ul>li')\n// calls the 'length' property yielding that value\n.its('length').should('be.gt', 2);",
              "err": {},
              "uuid": "827296cc-c716-47ef-b74e-d435ade839a6",
              "parentUUID": "653f435f-2ec3-4405-9ecc-62b569f8419d",
              "isHook": false,
              "skipped": false
            },
            {
              "title": ".invoke() - invoke a function on the current subject",
              "fullTitle": "Connectors .invoke() - invoke a function on the current subject",
              "timedOut": null,
              "duration": 244,
              "state": "passed",
              "speed": "fast",
              "pass": true,
              "fail": false,
              "pending": false,
              "context": null,
              "code": "// our div is hidden in our script.js\n// $('.connectors-div').hide()\ncy.get('.connectors-div').should('be.hidden');\n// https://on.cypress.io/invoke\n// call the jquery method 'show' on the 'div.container'\ncy.get('.connectors-div').invoke('show');\ncy.get('.connectors-div').should('be.visible');",
              "err": {},
              "uuid": "2bf8af15-707a-41b3-b0f3-68cc551d8e09",
              "parentUUID": "653f435f-2ec3-4405-9ecc-62b569f8419d",
              "isHook": false,
              "skipped": false
            },
            {
              "title": ".spread() - spread an array as individual args to callback function",
              "fullTitle": "Connectors .spread() - spread an array as individual args to callback function",
              "timedOut": null,
              "duration": 294,
              "state": "passed",
              "speed": "fast",
              "pass": true,
              "fail": false,
              "pending": false,
              "context": null,
              "code": "// https://on.cypress.io/spread\nconst arr = ['foo', 'bar', 'baz'];\ncy.wrap(arr).spread((foo, bar, baz) => {\n  expect(foo).to.eq('foo');\n  expect(bar).to.eq('bar');\n  expect(baz).to.eq('baz');\n});",
              "err": {},
              "uuid": "3f2210a8-c461-4542-ae2f-9679025ed699",
              "parentUUID": "653f435f-2ec3-4405-9ecc-62b569f8419d",
              "isHook": false,
              "skipped": false
            }
          ],
          "suites": [
            {
              "uuid": "8203fb68-2d87-49d2-b2b2-fb466b835042",
              "title": ".then()",
              "fullFile": "",
              "file": "",
              "beforeHooks": [],
              "afterHooks": [],
              "tests": [
                {
                  "title": "invokes a callback function with the current subject",
                  "fullTitle": "Connectors .then() invokes a callback function with the current subject",
                  "timedOut": null,
                  "duration": 579,
                  "state": "passed",
                  "speed": "fast",
                  "pass": true,
                  "fail": false,
                  "pending": false,
                  "context": null,
                  "code": "// https://on.cypress.io/then\ncy.get('.connectors-list > li').then($lis => {\n  expect($lis, '3 items').to.have.length(3);\n  expect($lis.eq(0), 'first item').to.contain('Walk the dog');\n  expect($lis.eq(1), 'second item').to.contain('Feed the cat');\n  expect($lis.eq(2), 'third item').to.contain('Write JavaScript');\n});",
                  "err": {},
                  "uuid": "9f0bad23-3c1d-4146-a76e-3420d17f772f",
                  "parentUUID": "8203fb68-2d87-49d2-b2b2-fb466b835042",
                  "isHook": false,
                  "skipped": false
                },
                {
                  "title": "yields the returned value to the next command",
                  "fullTitle": "Connectors .then() yields the returned value to the next command",
                  "timedOut": null,
                  "duration": 195,
                  "state": "passed",
                  "speed": "fast",
                  "pass": true,
                  "fail": false,
                  "pending": false,
                  "context": null,
                  "code": "cy.wrap(1).then(num => {\n  expect(num).to.equal(1);\n  return 2;\n}).then(num => {\n  expect(num).to.equal(2);\n});",
                  "err": {},
                  "uuid": "cfe09adb-d9de-4a06-91c9-062f1a5147f1",
                  "parentUUID": "8203fb68-2d87-49d2-b2b2-fb466b835042",
                  "isHook": false,
                  "skipped": false
                },
                {
                  "title": "yields the original subject without return",
                  "fullTitle": "Connectors .then() yields the original subject without return",
                  "timedOut": null,
                  "duration": 218,
                  "state": "passed",
                  "speed": "fast",
                  "pass": true,
                  "fail": false,
                  "pending": false,
                  "context": null,
                  "code": "cy.wrap(1).then(num => {\n  expect(num).to.equal(1);\n  // note that nothing is returned from this callback\n}).then(num => {\n  // this callback receives the original unchanged value 1\n  expect(num).to.equal(1);\n});",
                  "err": {},
                  "uuid": "867e6bd5-1ecd-42df-ad47-4c2cbd36feb7",
                  "parentUUID": "8203fb68-2d87-49d2-b2b2-fb466b835042",
                  "isHook": false,
                  "skipped": false
                },
                {
                  "title": "yields the value yielded by the last Cypress command inside",
                  "fullTitle": "Connectors .then() yields the value yielded by the last Cypress command inside",
                  "timedOut": null,
                  "duration": 524,
                  "state": "passed",
                  "speed": "fast",
                  "pass": true,
                  "fail": false,
                  "pending": false,
                  "context": null,
                  "code": "cy.wrap(1).then(num => {\n  expect(num).to.equal(1);\n  // note how we run a Cypress command\n  // the result yielded by this Cypress command\n  // will be passed to the second \".then\"\n  cy.wrap(2);\n}).then(num => {\n  // this callback receives the value yielded by \"cy.wrap(2)\"\n  expect(num).to.equal(2);\n});",
                  "err": {},
                  "uuid": "b25e073e-402d-440a-86dd-29e897a6fe84",
                  "parentUUID": "8203fb68-2d87-49d2-b2b2-fb466b835042",
                  "isHook": false,
                  "skipped": false
                }
              ],
              "suites": [],
              "passes": [
                "9f0bad23-3c1d-4146-a76e-3420d17f772f",
                "cfe09adb-d9de-4a06-91c9-062f1a5147f1",
                "867e6bd5-1ecd-42df-ad47-4c2cbd36feb7",
                "b25e073e-402d-440a-86dd-29e897a6fe84"
              ],
              "failures": [],
              "pending": [],
              "skipped": [],
              "duration": 1516,
              "root": false,
              "rootEmpty": false,
              "_timeout": 2000
            }
          ],
          "passes": [
            "383037e2-582c-4fde-b74d-923c450e61de",
            "827296cc-c716-47ef-b74e-d435ade839a6",
            "2bf8af15-707a-41b3-b0f3-68cc551d8e09",
            "3f2210a8-c461-4542-ae2f-9679025ed699"
          ],
          "failures": [],
          "pending": [],
          "skipped": [],
          "duration": 2354,
          "root": false,
          "rootEmpty": false,
          "_timeout": 2000
        }
      ],
      "passes": [],
      "failures": [],
      "pending": [],
      "skipped": [],
      "duration": 0,
      "root": true,
      "rootEmpty": true,
      "_timeout": 2000
    }
  ],
  "meta": {
    "mocha": {
      "version": "7.0.1"
    },
    "mochawesome": {
      "options": {
        "quiet": false,
        "reportFilename": "mochawesome",
        "saveHtml": false,
        "saveJson": true,
        "consoleReporter": "spec",
        "useInlineDiffs": false,
        "code": true
      },
      "version": "7.1.3"
    },
    "marge": {
      "options": {
        "overwrite": false,
        "html": false,
        "json": true,
        "reportDir": "cypress/reports/html/.jsons"
      },
      "version": "6.2.0"
    }
  }
}