{
  "stats": {
    "suites": 2,
    "tests": 3,
    "passes": 3,
    "pending": 0,
    "failures": 0,
    "start": "2025-04-13T04:52:06.646Z",
    "end": "2025-04-13T04:52:14.787Z",
    "duration": 8141,
    "testsRegistered": 3,
    "passPercent": 100,
    "pendingPercent": 0,
    "other": 0,
    "hasOther": false,
    "skipped": 0,
    "hasSkipped": false
  },
  "results": [
    {
      "uuid": "8e4a27f5-e3c9-4a26-88b9-6d21dc4a83b8",
      "title": "",
      "fullFile": "cypress/e2e/simple/get_data_fixtures.cy.js",
      "file": "cypress/e2e/simple/get_data_fixtures.cy.js",
      "beforeHooks": [],
      "afterHooks": [],
      "tests": [],
      "suites": [
        {
          "uuid": "f5cb9651-53ba-47c1-a36b-094fd5ab47f7",
          "title": "Simple Test Case",
          "fullFile": "",
          "file": "",
          "beforeHooks": [],
          "afterHooks": [],
          "tests": [],
          "suites": [
            {
              "uuid": "dd39da66-e21a-4823-a18e-f3065051066e",
              "title": "Login Function",
              "fullFile": "",
              "file": "",
              "beforeHooks": [],
              "afterHooks": [],
              "tests": [
                {
                  "title": "valid username & password",
                  "fullTitle": "Simple Test Case Login Function valid username & password",
                  "timedOut": null,
                  "duration": 5834,
                  "state": "passed",
                  "speed": "medium",
                  "pass": true,
                  "fail": false,
                  "pending": false,
                  "context": null,
                  "code": "cy.fixture('dataLogin.json').then(data => {\n  cy.get('#username').type(data.validData.username);\n  cy.get('#password').type(data.validData.password);\n  cy.get('.kt-login__actions > .kt-form').click();\n  // cy.get('.kt-header__topbar-wrapper > .kt-hidden-').click()\n  // cy.get('.kt-notification__custom > .btn').click()\n  // cy.get('.swal2-confirm').click()\n  // cy.get('.kt-login__title').should('have.text', 'LOGIN')\n});",
                  "err": {},
                  "uuid": "8d55a40d-7b4a-4361-a05a-0f5e3769982a",
                  "parentUUID": "dd39da66-e21a-4823-a18e-f3065051066e",
                  "isHook": false,
                  "skipped": false
                },
                {
                  "title": "invalid username & password",
                  "fullTitle": "Simple Test Case Login Function invalid username & password",
                  "timedOut": null,
                  "duration": 754,
                  "state": "passed",
                  "speed": "fast",
                  "pass": true,
                  "fail": false,
                  "pending": false,
                  "context": null,
                  "code": "cy.fixture('dataLogin.json').then(data => {\n  cy.get('#username').type(data.invalidData[0].username);\n  cy.get('#password').type(data.invalidData[0].password);\n  cy.get('.kt-login__actions > .kt-form').click();\n  cy.get('.alert-text').should('be.visible').should('have.text', 'Mohon masukan Password yang sesuai (Minimal 8 karakter)');\n});",
                  "err": {},
                  "uuid": "42210bfa-c342-4b30-8cec-e8df8916f21f",
                  "parentUUID": "dd39da66-e21a-4823-a18e-f3065051066e",
                  "isHook": false,
                  "skipped": false
                },
                {
                  "title": "username & password is null",
                  "fullTitle": "Simple Test Case Login Function username & password is null",
                  "timedOut": null,
                  "duration": 355,
                  "state": "passed",
                  "speed": "fast",
                  "pass": true,
                  "fail": false,
                  "pending": false,
                  "context": null,
                  "code": "cy.get('.kt-login__actions > .kt-form').click();\ncy.get(':nth-child(2) > .alert-text').should('be.visible').should('have.text', 'Password tidak boleh kosong');\ncy.get(':nth-child(3) > .alert-text').should('be.visible').should('have.text', 'Username tidak boleh kosong');",
                  "err": {},
                  "uuid": "5203ec5b-1d07-47e9-bd27-609d22eb3b3d",
                  "parentUUID": "dd39da66-e21a-4823-a18e-f3065051066e",
                  "isHook": false,
                  "skipped": false
                }
              ],
              "suites": [],
              "passes": [
                "8d55a40d-7b4a-4361-a05a-0f5e3769982a",
                "42210bfa-c342-4b30-8cec-e8df8916f21f",
                "5203ec5b-1d07-47e9-bd27-609d22eb3b3d"
              ],
              "failures": [],
              "pending": [],
              "skipped": [],
              "duration": 6943,
              "root": false,
              "rootEmpty": false,
              "_timeout": 2000
            }
          ],
          "passes": [],
          "failures": [],
          "pending": [],
          "skipped": [],
          "duration": 0,
          "root": false,
          "rootEmpty": false,
          "_timeout": 2000
        }
      ],
      "passes": [],
      "failures": [],
      "pending": [],
      "skipped": [],
      "duration": 0,
      "root": true,
      "rootEmpty": true,
      "_timeout": 2000
    }
  ],
  "meta": {
    "mocha": {
      "version": "7.0.1"
    },
    "mochawesome": {
      "options": {
        "quiet": false,
        "reportFilename": "mochawesome",
        "saveHtml": false,
        "saveJson": true,
        "consoleReporter": "spec",
        "useInlineDiffs": false,
        "code": true
      },
      "version": "7.1.3"
    },
    "marge": {
      "options": {
        "overwrite": false,
        "html": false,
        "json": true,
        "reportDir": "cypress/reports/html/.jsons"
      },
      "version": "6.2.0"
    }
  }
}