{
  "stats": {
    "suites": 2,
    "tests": 3,
    "passes": 3,
    "pending": 0,
    "failures": 0,
    "start": "2025-04-11T08:43:35.630Z",
    "end": "2025-04-11T08:43:47.649Z",
    "duration": 12019,
    "testsRegistered": 3,
    "passPercent": 100,
    "pendingPercent": 0,
    "other": 0,
    "hasOther": false,
    "skipped": 0,
    "hasSkipped": false
  },
  "results": [
    {
      "uuid": "98c719b6-1f34-4813-b4de-fccde193745c",
      "title": "",
      "fullFile": "cypress/e2e/simple/simple.cy.js",
      "file": "cypress/e2e/simple/simple.cy.js",
      "beforeHooks": [],
      "afterHooks": [],
      "tests": [],
      "suites": [
        {
          "uuid": "dc28e747-cb04-4eca-bc4a-b5081bdbd5d9",
          "title": "Simple Test Case",
          "fullFile": "",
          "file": "",
          "beforeHooks": [],
          "afterHooks": [],
          "tests": [],
          "suites": [
            {
              "uuid": "4f5bdc1b-80c8-46fb-b9eb-ceb30154ff13",
              "title": "Login Function",
              "fullFile": "",
              "file": "",
              "beforeHooks": [],
              "afterHooks": [],
              "tests": [
                {
                  "title": "MDM-TC-9287: valid username & password",
                  "fullTitle": "Simple Test Case Login Function MDM-TC-9287: valid username & password",
                  "timedOut": null,
                  "duration": 7573,
                  "state": "passed",
                  "speed": "medium",
                  "pass": true,
                  "fail": false,
                  "pending": false,
                  "context": null,
                  "code": "cy.get('#username').type('dhandyjoenathan');\ncy.get('#password').type('201017Dj*#*#');\ncy.get('.kt-login__actions > .kt-form').click();\n// cy.get('.kt-header__topbar-wrapper > .kt-hidden-').click()\n// cy.get('.kt-notification__custom > .btn').click()\n// cy.get('.swal2-confirm').click()\n// cy.get('.kt-login__title').should('have.text', 'LOGIN')",
                  "err": {},
                  "uuid": "80b61267-468c-40fd-8b38-130e58c8cddf",
                  "parentUUID": "4f5bdc1b-80c8-46fb-b9eb-ceb30154ff13",
                  "isHook": false,
                  "skipped": false
                },
                {
                  "title": "invalid username & password",
                  "fullTitle": "Simple Test Case Login Function invalid username & password",
                  "timedOut": null,
                  "duration": 1420,
                  "state": "passed",
                  "speed": "fast",
                  "pass": true,
                  "fail": false,
                  "pending": false,
                  "context": null,
                  "code": "cy.get('#username').type('qweqwe');\ncy.get('#password').type('qweqwe');\ncy.get('.kt-login__actions > .kt-form').click();\ncy.get('.alert-text').should('be.visible').should('have.text', 'Mohon masukan Password yang sesuai (Minimal 8 karakter)');",
                  "err": {},
                  "uuid": "95aadc9b-5570-45cc-9c2f-4f642643626c",
                  "parentUUID": "4f5bdc1b-80c8-46fb-b9eb-ceb30154ff13",
                  "isHook": false,
                  "skipped": false
                },
                {
                  "title": "username & password is null",
                  "fullTitle": "Simple Test Case Login Function username & password is null",
                  "timedOut": null,
                  "duration": 365,
                  "state": "passed",
                  "speed": "fast",
                  "pass": true,
                  "fail": false,
                  "pending": false,
                  "context": null,
                  "code": "cy.get('.kt-login__actions > .kt-form').click();\ncy.get(':nth-child(2) > .alert-text').should('be.visible').should('have.text', 'Password tidak boleh kosong');\ncy.get(':nth-child(3) > .alert-text').should('be.visible').should('have.text', 'Username tidak boleh kosong');",
                  "err": {},
                  "uuid": "c45d0408-18f8-4083-8e43-e1d45ba7d665",
                  "parentUUID": "4f5bdc1b-80c8-46fb-b9eb-ceb30154ff13",
                  "isHook": false,
                  "skipped": false
                }
              ],
              "suites": [],
              "passes": [
                "80b61267-468c-40fd-8b38-130e58c8cddf",
                "95aadc9b-5570-45cc-9c2f-4f642643626c",
                "c45d0408-18f8-4083-8e43-e1d45ba7d665"
              ],
              "failures": [],
              "pending": [],
              "skipped": [],
              "duration": 9358,
              "root": false,
              "rootEmpty": false,
              "_timeout": 2000
            }
          ],
          "passes": [],
          "failures": [],
          "pending": [],
          "skipped": [],
          "duration": 0,
          "root": false,
          "rootEmpty": false,
          "_timeout": 2000
        }
      ],
      "passes": [],
      "failures": [],
      "pending": [],
      "skipped": [],
      "duration": 0,
      "root": true,
      "rootEmpty": true,
      "_timeout": 2000
    }
  ],
  "meta": {
    "mocha": {
      "version": "7.0.1"
    },
    "mochawesome": {
      "options": {
        "quiet": false,
        "reportFilename": "mochawesome",
        "saveHtml": false,
        "saveJson": true,
        "consoleReporter": "spec",
        "useInlineDiffs": false,
        "code": true
      },
      "version": "7.1.3"
    },
    "marge": {
      "options": {
        "overwrite": false,
        "html": false,
        "json": true,
        "reportDir": "cypress/reports/html/.jsons"
      },
      "version": "6.2.0"
    }
  }
}