{
  "stats": {
    "suites": 2,
    "tests": 3,
    "passes": 3,
    "pending": 0,
    "failures": 0,
    "start": "2025-04-13T04:52:25.426Z",
    "end": "2025-04-13T04:52:33.581Z",
    "duration": 8155,
    "testsRegistered": 3,
    "passPercent": 100,
    "pendingPercent": 0,
    "other": 0,
    "hasOther": false,
    "skipped": 0,
    "hasSkipped": false
  },
  "results": [
    {
      "uuid": "74026754-2244-406f-bce9-dfa6e29b340f",
      "title": "",
      "fullFile": "cypress/e2e/simple/simple.cy.js",
      "file": "cypress/e2e/simple/simple.cy.js",
      "beforeHooks": [],
      "afterHooks": [],
      "tests": [],
      "suites": [
        {
          "uuid": "89e859c1-3c66-48ef-97d6-e675af64d039",
          "title": "Simple Test Case",
          "fullFile": "",
          "file": "",
          "beforeHooks": [],
          "afterHooks": [],
          "tests": [],
          "suites": [
            {
              "uuid": "86fcb8bf-7fcb-4621-b543-86fbb27802bf",
              "title": "Login Function",
              "fullFile": "",
              "file": "",
              "beforeHooks": [],
              "afterHooks": [],
              "tests": [
                {
                  "title": "MDM-TC-9287: valid username & password",
                  "fullTitle": "Simple Test Case Login Function MDM-TC-9287: valid username & password",
                  "timedOut": null,
                  "duration": 5856,
                  "state": "passed",
                  "speed": "medium",
                  "pass": true,
                  "fail": false,
                  "pending": false,
                  "context": null,
                  "code": "cy.get('#username').type('dhandyjoenathan');\ncy.get('#password').type('201017Dj*#*#');\ncy.get('.kt-login__actions > .kt-form').click();\n// cy.get('.kt-header__topbar-wrapper > .kt-hidden-').click()\n// cy.get('.kt-notification__custom > .btn').click()\n// cy.get('.swal2-confirm').click()\n// cy.get('.kt-login__title').should('have.text', 'LOGIN')",
                  "err": {},
                  "uuid": "aa8c6819-e439-46cb-be6e-df4a66d33fb2",
                  "parentUUID": "86fcb8bf-7fcb-4621-b543-86fbb27802bf",
                  "isHook": false,
                  "skipped": false
                },
                {
                  "title": "invalid username & password",
                  "fullTitle": "Simple Test Case Login Function invalid username & password",
                  "timedOut": null,
                  "duration": 747,
                  "state": "passed",
                  "speed": "fast",
                  "pass": true,
                  "fail": false,
                  "pending": false,
                  "context": null,
                  "code": "cy.get('#username').type('qweqwe');\ncy.get('#password').type('qweqwe');\ncy.get('.kt-login__actions > .kt-form').click();\ncy.get('.alert-text').should('be.visible').should('have.text', 'Mohon masukan Password yang sesuai (Minimal 8 karakter)');",
                  "err": {},
                  "uuid": "bbb607b2-4c1a-48ef-af5b-16b75c2b362e",
                  "parentUUID": "86fcb8bf-7fcb-4621-b543-86fbb27802bf",
                  "isHook": false,
                  "skipped": false
                },
                {
                  "title": "username & password is null",
                  "fullTitle": "Simple Test Case Login Function username & password is null",
                  "timedOut": null,
                  "duration": 372,
                  "state": "passed",
                  "speed": "fast",
                  "pass": true,
                  "fail": false,
                  "pending": false,
                  "context": null,
                  "code": "cy.get('.kt-login__actions > .kt-form').click();\ncy.get(':nth-child(2) > .alert-text').should('be.visible').should('have.text', 'Password tidak boleh kosong');\ncy.get(':nth-child(3) > .alert-text').should('be.visible').should('have.text', 'Username tidak boleh kosong');",
                  "err": {},
                  "uuid": "1d8299a4-fdcd-44b5-bd62-31a783710d20",
                  "parentUUID": "86fcb8bf-7fcb-4621-b543-86fbb27802bf",
                  "isHook": false,
                  "skipped": false
                }
              ],
              "suites": [],
              "passes": [
                "aa8c6819-e439-46cb-be6e-df4a66d33fb2",
                "bbb607b2-4c1a-48ef-af5b-16b75c2b362e",
                "1d8299a4-fdcd-44b5-bd62-31a783710d20"
              ],
              "failures": [],
              "pending": [],
              "skipped": [],
              "duration": 6975,
              "root": false,
              "rootEmpty": false,
              "_timeout": 2000
            }
          ],
          "passes": [],
          "failures": [],
          "pending": [],
          "skipped": [],
          "duration": 0,
          "root": false,
          "rootEmpty": false,
          "_timeout": 2000
        }
      ],
      "passes": [],
      "failures": [],
      "pending": [],
      "skipped": [],
      "duration": 0,
      "root": true,
      "rootEmpty": true,
      "_timeout": 2000
    }
  ],
  "meta": {
    "mocha": {
      "version": "7.0.1"
    },
    "mochawesome": {
      "options": {
        "quiet": false,
        "reportFilename": "mochawesome",
        "saveHtml": false,
        "saveJson": true,
        "consoleReporter": "spec",
        "useInlineDiffs": false,
        "code": true
      },
      "version": "7.1.3"
    },
    "marge": {
      "options": {
        "overwrite": false,
        "html": false,
        "json": true,
        "reportDir": "cypress/reports/html/.jsons"
      },
      "version": "6.2.0"
    }
  }
}