{
  "stats": {
    "suites": 1,
    "tests": 3,
    "passes": 3,
    "pending": 0,
    "failures": 0,
    "start": "2025-04-13T04:50:17.037Z",
    "end": "2025-04-13T04:50:20.868Z",
    "duration": 3831,
    "testsRegistered": 3,
    "passPercent": 100,
    "pendingPercent": 0,
    "other": 0,
    "hasOther": false,
    "skipped": 0,
    "hasSkipped": false
  },
  "results": [
    {
      "uuid": "1e1f2dd5-1c63-4f5f-89f8-f089121355e5",
      "title": "",
      "fullFile": "cypress/e2e/2-advanced-examples/window.cy.js",
      "file": "cypress/e2e/2-advanced-examples/window.cy.js",
      "beforeHooks": [],
      "afterHooks": [],
      "tests": [],
      "suites": [
        {
          "uuid": "62d760d6-49a9-4619-8ed1-707700f97ebe",
          "title": "Window",
          "fullFile": "",
          "file": "",
          "beforeHooks": [],
          "afterHooks": [],
          "tests": [
            {
              "title": "cy.window() - get the global window object",
              "fullTitle": "Window cy.window() - get the global window object",
              "timedOut": null,
              "duration": 1055,
              "state": "passed",
              "speed": "fast",
              "pass": true,
              "fail": false,
              "pending": false,
              "context": null,
              "code": "// https://on.cypress.io/window\ncy.window().should('have.property', 'top');",
              "err": {},
              "uuid": "34989ae5-2b43-4768-8770-b96558fb6810",
              "parentUUID": "62d760d6-49a9-4619-8ed1-707700f97ebe",
              "isHook": false,
              "skipped": false
            },
            {
              "title": "cy.document() - get the document object",
              "fullTitle": "Window cy.document() - get the document object",
              "timedOut": null,
              "duration": 453,
              "state": "passed",
              "speed": "fast",
              "pass": true,
              "fail": false,
              "pending": false,
              "context": null,
              "code": "// https://on.cypress.io/document\ncy.document().should('have.property', 'charset').and('eq', 'UTF-8');",
              "err": {},
              "uuid": "012e6f53-6dc9-488e-b0b8-fd553d5c92d0",
              "parentUUID": "62d760d6-49a9-4619-8ed1-707700f97ebe",
              "isHook": false,
              "skipped": false
            },
            {
              "title": "cy.title() - get the title",
              "fullTitle": "Window cy.title() - get the title",
              "timedOut": null,
              "duration": 958,
              "state": "passed",
              "speed": "fast",
              "pass": true,
              "fail": false,
              "pending": false,
              "context": null,
              "code": "// https://on.cypress.io/title\ncy.title().should('include', 'Kitchen Sink');",
              "err": {},
              "uuid": "0cecc1bd-2d74-461c-a923-393616134a12",
              "parentUUID": "62d760d6-49a9-4619-8ed1-707700f97ebe",
              "isHook": false,
              "skipped": false
            }
          ],
          "suites": [],
          "passes": [
            "34989ae5-2b43-4768-8770-b96558fb6810",
            "012e6f53-6dc9-488e-b0b8-fd553d5c92d0",
            "0cecc1bd-2d74-461c-a923-393616134a12"
          ],
          "failures": [],
          "pending": [],
          "skipped": [],
          "duration": 2466,
          "root": false,
          "rootEmpty": false,
          "_timeout": 2000
        }
      ],
      "passes": [],
      "failures": [],
      "pending": [],
      "skipped": [],
      "duration": 0,
      "root": true,
      "rootEmpty": true,
      "_timeout": 2000
    }
  ],
  "meta": {
    "mocha": {
      "version": "7.0.1"
    },
    "mochawesome": {
      "options": {
        "quiet": false,
        "reportFilename": "mochawesome",
        "saveHtml": false,
        "saveJson": true,
        "consoleReporter": "spec",
        "useInlineDiffs": false,
        "code": true
      },
      "version": "7.1.3"
    },
    "marge": {
      "options": {
        "overwrite": false,
        "html": false,
        "json": true,
        "reportDir": "cypress/reports/html/.jsons"
      },
      "version": "6.2.0"
    }
  }
}