{
  "stats": {
    "suites": 11,
    "tests": 10,
    "passes": 9,
    "pending": 0,
    "failures": 1,
    "start": "2025-04-13T04:46:19.761Z",
    "end": "2025-04-13T04:46:25.415Z",
    "duration": 5654,
    "testsRegistered": 10,
    "passPercent": 90,
    "pendingPercent": 0,
    "other": 0,
    "hasOther": false,
    "skipped": 0,
    "hasSkipped": false
  },
  "results": [
    {
      "uuid": "cb63d96f-1793-46d8-ac5b-4dd48b04d4e1",
      "title": "",
      "fullFile": "cypress/e2e/2-advanced-examples/cypress_api.cy.js",
      "file": "cypress/e2e/2-advanced-examples/cypress_api.cy.js",
      "beforeHooks": [],
      "afterHooks": [],
      "tests": [],
      "suites": [
        {
          "uuid": "70cb566d-b04d-4646-93ef-d076904ead19",
          "title": "Cypress APIs",
          "fullFile": "",
          "file": "",
          "beforeHooks": [],
          "afterHooks": [],
          "tests": [],
          "suites": [
            {
              "uuid": "f5b725fd-78ed-4ee5-b988-356e5c0118ef",
              "title": "Cypress.Commands",
              "fullFile": "",
              "file": "",
              "beforeHooks": [],
              "afterHooks": [],
              "tests": [
                {
                  "title": ".add() - create a custom command",
                  "fullTitle": "Cypress APIs Cypress.Commands .add() - create a custom command",
                  "timedOut": null,
                  "duration": 1054,
                  "state": "passed",
                  "speed": "fast",
                  "pass": true,
                  "fail": false,
                  "pending": false,
                  "context": null,
                  "code": "Cypress.Commands.add('console', {\n  prevSubject: true\n}, (subject, method) => {\n  // the previous subject is automatically received\n  // and the commands arguments are shifted\n  // allow us to change the console method used\n  method = method || 'log';\n  // log the subject to the console\n  console[method]('The subject is', subject);\n  // whatever we return becomes the new subject\n  // we don't want to change the subject so\n  // we return whatever was passed in\n  return subject;\n});\ncy.get('button').console('info').then($button => {\n  // subject is still $button\n});",
                  "err": {},
                  "uuid": "01dcc92f-6436-4b40-9530-dd39a1030c02",
                  "parentUUID": "f5b725fd-78ed-4ee5-b988-356e5c0118ef",
                  "isHook": false,
                  "skipped": false
                }
              ],
              "suites": [],
              "passes": [
                "01dcc92f-6436-4b40-9530-dd39a1030c02"
              ],
              "failures": [],
              "pending": [],
              "skipped": [],
              "duration": 1054,
              "root": false,
              "rootEmpty": false,
              "_timeout": 2000
            },
            {
              "uuid": "cefbd8a4-c19f-4542-ac59-5192ba363af2",
              "title": "Cypress.Cookies",
              "fullFile": "",
              "file": "",
              "beforeHooks": [],
              "afterHooks": [],
              "tests": [
                {
                  "title": ".debug() - enable or disable debugging",
                  "fullTitle": "Cypress APIs Cypress.Cookies .debug() - enable or disable debugging",
                  "timedOut": null,
                  "duration": 224,
                  "state": "passed",
                  "speed": "fast",
                  "pass": true,
                  "fail": false,
                  "pending": false,
                  "context": null,
                  "code": "Cypress.Cookies.debug(true);\n// Cypress will now log in the console when\n// cookies are set or cleared\ncy.setCookie('fakeCookie', '123ABC');\ncy.clearCookie('fakeCookie');\ncy.setCookie('fakeCookie', '123ABC');\ncy.clearCookie('fakeCookie');\ncy.setCookie('fakeCookie', '123ABC');",
                  "err": {},
                  "uuid": "10ec5e36-347e-492a-9a77-b8b437365002",
                  "parentUUID": "cefbd8a4-c19f-4542-ac59-5192ba363af2",
                  "isHook": false,
                  "skipped": false
                }
              ],
              "suites": [],
              "passes": [
                "10ec5e36-347e-492a-9a77-b8b437365002"
              ],
              "failures": [],
              "pending": [],
              "skipped": [],
              "duration": 224,
              "root": false,
              "rootEmpty": false,
              "_timeout": 2000
            },
            {
              "uuid": "79c1906a-95fb-40fd-99de-a2418811aabc",
              "title": "Cypress.arch",
              "fullFile": "",
              "file": "",
              "beforeHooks": [],
              "afterHooks": [],
              "tests": [
                {
                  "title": "Get CPU architecture name of underlying OS",
                  "fullTitle": "Cypress APIs Cypress.arch Get CPU architecture name of underlying OS",
                  "timedOut": null,
                  "duration": 452,
                  "state": "passed",
                  "speed": "fast",
                  "pass": true,
                  "fail": false,
                  "pending": false,
                  "context": null,
                  "code": "// https://on.cypress.io/arch\nexpect(Cypress.arch).to.exist;",
                  "err": {},
                  "uuid": "2d9d33a7-9102-40fe-b90a-24facefd1efb",
                  "parentUUID": "79c1906a-95fb-40fd-99de-a2418811aabc",
                  "isHook": false,
                  "skipped": false
                }
              ],
              "suites": [],
              "passes": [
                "2d9d33a7-9102-40fe-b90a-24facefd1efb"
              ],
              "failures": [],
              "pending": [],
              "skipped": [],
              "duration": 452,
              "root": false,
              "rootEmpty": false,
              "_timeout": 2000
            },
            {
              "uuid": "958831bf-19d1-481f-999f-fed3e078007c",
              "title": "Cypress.config()",
              "fullFile": "",
              "file": "",
              "beforeHooks": [],
              "afterHooks": [],
              "tests": [
                {
                  "title": "Get and set configuration options",
                  "fullTitle": "Cypress APIs Cypress.config() Get and set configuration options",
                  "timedOut": null,
                  "duration": 564,
                  "state": "failed",
                  "speed": null,
                  "pass": false,
                  "fail": true,
                  "pending": false,
                  "context": "{\n  \"title\": \"cypress-mochawesome-reporter-screenshots\",\n  \"value\": [\n    [\n      \"/2-advanced-examples/cypress_api.cy.js/Cypress APIs -- Cypress.config() -- Get and set configuration options (failed).png\"\n    ]\n  ]\n}",
                  "code": "// https://on.cypress.io/config\nlet myConfig = Cypress.config();\nexpect(myConfig).to.have.property('animationDistanceThreshold', 5);\nexpect(myConfig).to.have.property('baseUrl', null);\nexpect(myConfig).to.have.property('defaultCommandTimeout', 4000);\nexpect(myConfig).to.have.property('requestTimeout', 5000);\nexpect(myConfig).to.have.property('responseTimeout', 30000);\nexpect(myConfig).to.have.property('viewportHeight', 660);\nexpect(myConfig).to.have.property('viewportWidth', 1000);\nexpect(myConfig).to.have.property('pageLoadTimeout', 60000);\nexpect(myConfig).to.have.property('waitForAnimations', true);\nexpect(Cypress.config('pageLoadTimeout')).to.eq(60000);\n// this will change the config for the rest of your tests!\nCypress.config('pageLoadTimeout', 20000);\nexpect(Cypress.config('pageLoadTimeout')).to.eq(20000);\nCypress.config('pageLoadTimeout', 60000);",
                  "err": {
                    "message": "AssertionError: expected { Object (projectId, viewportWidth, ...) } to have property 'viewportHeight' of 660, but got 900",
                    "estack": "AssertionError: expected { Object (projectId, viewportWidth, ...) } to have property 'viewportHeight' of 660, but got 900\n    at Context.eval (webpack://poc-cypress-web/./cypress/e2e/2-advanced-examples/cypress_api.cy.js:81:31)",
                    "diff": "- 900\n+ 660\n"
                  },
                  "uuid": "932d696a-1093-4fe6-a3c5-6bbe5a8a6228",
                  "parentUUID": "958831bf-19d1-481f-999f-fed3e078007c",
                  "isHook": false,
                  "skipped": false
                }
              ],
              "suites": [],
              "passes": [],
              "failures": [
                "932d696a-1093-4fe6-a3c5-6bbe5a8a6228"
              ],
              "pending": [],
              "skipped": [],
              "duration": 564,
              "root": false,
              "rootEmpty": false,
              "_timeout": 2000
            },
            {
              "uuid": "5d315053-c12d-4e94-a12d-ac73cb56c26a",
              "title": "Cypress.dom",
              "fullFile": "",
              "file": "",
              "beforeHooks": [],
              "afterHooks": [],
              "tests": [
                {
                  "title": ".isHidden() - determine if a DOM element is hidden",
                  "fullTitle": "Cypress APIs Cypress.dom .isHidden() - determine if a DOM element is hidden",
                  "timedOut": null,
                  "duration": 536,
                  "state": "passed",
                  "speed": "fast",
                  "pass": true,
                  "fail": false,
                  "pending": false,
                  "context": null,
                  "code": "let hiddenP = Cypress.$('.dom-p p.hidden').get(0);\nlet visibleP = Cypress.$('.dom-p p.visible').get(0);\n// our first paragraph has css class 'hidden'\nexpect(Cypress.dom.isHidden(hiddenP)).to.be.true;\nexpect(Cypress.dom.isHidden(visibleP)).to.be.false;",
                  "err": {},
                  "uuid": "352eadcf-95c3-4e60-82cd-80b6b5279377",
                  "parentUUID": "5d315053-c12d-4e94-a12d-ac73cb56c26a",
                  "isHook": false,
                  "skipped": false
                }
              ],
              "suites": [],
              "passes": [
                "352eadcf-95c3-4e60-82cd-80b6b5279377"
              ],
              "failures": [],
              "pending": [],
              "skipped": [],
              "duration": 536,
              "root": false,
              "rootEmpty": false,
              "_timeout": 2000
            },
            {
              "uuid": "8266f494-1cfd-47c2-9ab6-3e43eb16836e",
              "title": "Cypress.env()",
              "fullFile": "",
              "file": "",
              "beforeHooks": [],
              "afterHooks": [],
              "tests": [
                {
                  "title": "Get environment variables",
                  "fullTitle": "Cypress APIs Cypress.env() Get environment variables",
                  "timedOut": null,
                  "duration": 232,
                  "state": "passed",
                  "speed": "fast",
                  "pass": true,
                  "fail": false,
                  "pending": false,
                  "context": null,
                  "code": "// https://on.cypress.io/env\n// set multiple environment variables\nCypress.env({\n  host: 'veronica.dev.local',\n  api_server: 'http://localhost:8888/v1/'\n});\n// get environment variable\nexpect(Cypress.env('host')).to.eq('veronica.dev.local');\n// set environment variable\nCypress.env('api_server', 'http://localhost:8888/v2/');\nexpect(Cypress.env('api_server')).to.eq('http://localhost:8888/v2/');\n// get all environment variable\nexpect(Cypress.env()).to.have.property('host', 'veronica.dev.local');\nexpect(Cypress.env()).to.have.property('api_server', 'http://localhost:8888/v2/');",
                  "err": {},
                  "uuid": "cfa07b71-f3ef-4e1b-83df-25c9d4a247c0",
                  "parentUUID": "8266f494-1cfd-47c2-9ab6-3e43eb16836e",
                  "isHook": false,
                  "skipped": false
                }
              ],
              "suites": [],
              "passes": [
                "cfa07b71-f3ef-4e1b-83df-25c9d4a247c0"
              ],
              "failures": [],
              "pending": [],
              "skipped": [],
              "duration": 232,
              "root": false,
              "rootEmpty": false,
              "_timeout": 2000
            },
            {
              "uuid": "5fbda557-c651-415d-8b47-7552857adde1",
              "title": "Cypress.log",
              "fullFile": "",
              "file": "",
              "beforeHooks": [],
              "afterHooks": [],
              "tests": [
                {
                  "title": "Control what is printed to the Command Log",
                  "fullTitle": "Cypress APIs Cypress.log Control what is printed to the Command Log",
                  "timedOut": null,
                  "duration": 184,
                  "state": "passed",
                  "speed": "fast",
                  "pass": true,
                  "fail": false,
                  "pending": false,
                  "context": null,
                  "code": "// https://on.cypress.io/cypress-log",
                  "err": {},
                  "uuid": "e5bf79cc-2ec2-4dee-9ad7-ad4025aa0697",
                  "parentUUID": "5fbda557-c651-415d-8b47-7552857adde1",
                  "isHook": false,
                  "skipped": false
                }
              ],
              "suites": [],
              "passes": [
                "e5bf79cc-2ec2-4dee-9ad7-ad4025aa0697"
              ],
              "failures": [],
              "pending": [],
              "skipped": [],
              "duration": 184,
              "root": false,
              "rootEmpty": false,
              "_timeout": 2000
            },
            {
              "uuid": "68da2bd6-c129-43f0-95e2-13a38385ceb3",
              "title": "Cypress.platform",
              "fullFile": "",
              "file": "",
              "beforeHooks": [],
              "afterHooks": [],
              "tests": [
                {
                  "title": "Get underlying OS name",
                  "fullTitle": "Cypress APIs Cypress.platform Get underlying OS name",
                  "timedOut": null,
                  "duration": 266,
                  "state": "passed",
                  "speed": "fast",
                  "pass": true,
                  "fail": false,
                  "pending": false,
                  "context": null,
                  "code": "// https://on.cypress.io/platform\nexpect(Cypress.platform).to.be.exist;",
                  "err": {},
                  "uuid": "b8e152c2-0766-443f-bbdd-cfaf3a9680b0",
                  "parentUUID": "68da2bd6-c129-43f0-95e2-13a38385ceb3",
                  "isHook": false,
                  "skipped": false
                }
              ],
              "suites": [],
              "passes": [
                "b8e152c2-0766-443f-bbdd-cfaf3a9680b0"
              ],
              "failures": [],
              "pending": [],
              "skipped": [],
              "duration": 266,
              "root": false,
              "rootEmpty": false,
              "_timeout": 2000
            },
            {
              "uuid": "1d0fc1b5-cd29-4795-a46f-0c15c647fd17",
              "title": "Cypress.version",
              "fullFile": "",
              "file": "",
              "beforeHooks": [],
              "afterHooks": [],
              "tests": [
                {
                  "title": "Get current version of Cypress being run",
                  "fullTitle": "Cypress APIs Cypress.version Get current version of Cypress being run",
                  "timedOut": null,
                  "duration": 176,
                  "state": "passed",
                  "speed": "fast",
                  "pass": true,
                  "fail": false,
                  "pending": false,
                  "context": null,
                  "code": "// https://on.cypress.io/version\nexpect(Cypress.version).to.be.exist;",
                  "err": {},
                  "uuid": "89fad0fb-f59c-435a-9aef-8a17644c4f86",
                  "parentUUID": "1d0fc1b5-cd29-4795-a46f-0c15c647fd17",
                  "isHook": false,
                  "skipped": false
                }
              ],
              "suites": [],
              "passes": [
                "89fad0fb-f59c-435a-9aef-8a17644c4f86"
              ],
              "failures": [],
              "pending": [],
              "skipped": [],
              "duration": 176,
              "root": false,
              "rootEmpty": false,
              "_timeout": 2000
            },
            {
              "uuid": "d303fc0a-b475-46fa-a461-b558eda5aa40",
              "title": "Cypress.spec",
              "fullFile": "",
              "file": "",
              "beforeHooks": [],
              "afterHooks": [],
              "tests": [
                {
                  "title": "Get current spec information",
                  "fullTitle": "Cypress APIs Cypress.spec Get current spec information",
                  "timedOut": null,
                  "duration": 195,
                  "state": "passed",
                  "speed": "fast",
                  "pass": true,
                  "fail": false,
                  "pending": false,
                  "context": null,
                  "code": "// https://on.cypress.io/spec\n// wrap the object so we can inspect it easily by clicking in the command log\ncy.wrap(Cypress.spec).should('include.keys', ['name', 'relative', 'absolute']);",
                  "err": {},
                  "uuid": "9328e217-8c97-45f5-abfa-fd52164b99d4",
                  "parentUUID": "d303fc0a-b475-46fa-a461-b558eda5aa40",
                  "isHook": false,
                  "skipped": false
                }
              ],
              "suites": [],
              "passes": [
                "9328e217-8c97-45f5-abfa-fd52164b99d4"
              ],
              "failures": [],
              "pending": [],
              "skipped": [],
              "duration": 195,
              "root": false,
              "rootEmpty": false,
              "_timeout": 2000
            }
          ],
          "passes": [],
          "failures": [],
          "pending": [],
          "skipped": [],
          "duration": 0,
          "root": false,
          "rootEmpty": false,
          "_timeout": 2000
        }
      ],
      "passes": [],
      "failures": [],
      "pending": [],
      "skipped": [],
      "duration": 0,
      "root": true,
      "rootEmpty": true,
      "_timeout": 2000
    }
  ],
  "meta": {
    "mocha": {
      "version": "7.0.1"
    },
    "mochawesome": {
      "options": {
        "quiet": false,
        "reportFilename": "mochawesome",
        "saveHtml": false,
        "saveJson": true,
        "consoleReporter": "spec",
        "useInlineDiffs": false,
        "code": true
      },
      "version": "7.1.3"
    },
    "marge": {
      "options": {
        "overwrite": false,
        "html": false,
        "json": true,
        "reportDir": "cypress/reports/html/.jsons"
      },
      "version": "6.2.0"
    }
  }
}