{
  "stats": {
    "suites": 1,
    "tests": 3,
    "passes": 3,
    "pending": 0,
    "failures": 0,
    "start": "2025-04-13T04:47:27.520Z",
    "end": "2025-04-13T04:47:36.098Z",
    "duration": 8578,
    "testsRegistered": 3,
    "passPercent": 100,
    "pendingPercent": 0,
    "other": 0,
    "hasOther": false,
    "skipped": 0,
    "hasSkipped": false
  },
  "results": [
    {
      "uuid": "6b39c0c8-0bc4-4a62-9a1a-8c33659ef8c2",
      "title": "",
      "fullFile": "cypress/e2e/2-advanced-examples/navigation.cy.js",
      "file": "cypress/e2e/2-advanced-examples/navigation.cy.js",
      "beforeHooks": [],
      "afterHooks": [],
      "tests": [],
      "suites": [
        {
          "uuid": "ba4e5152-7727-4ea8-b4b8-88dd1dda06c6",
          "title": "Navigation",
          "fullFile": "",
          "file": "",
          "beforeHooks": [],
          "afterHooks": [],
          "tests": [
            {
              "title": "cy.go() - go back or forward in the browser's history",
              "fullTitle": "Navigation cy.go() - go back or forward in the browser's history",
              "timedOut": null,
              "duration": 3535,
              "state": "passed",
              "speed": "fast",
              "pass": true,
              "fail": false,
              "pending": false,
              "context": null,
              "code": "// https://on.cypress.io/go\ncy.location('pathname').should('include', 'navigation');\ncy.go('back');\ncy.location('pathname').should('not.include', 'navigation');\ncy.go('forward');\ncy.location('pathname').should('include', 'navigation');\n// clicking back\ncy.go(-1);\ncy.location('pathname').should('not.include', 'navigation');\n// clicking forward\ncy.go(1);\ncy.location('pathname').should('include', 'navigation');",
              "err": {},
              "uuid": "04e4a811-218d-4962-9d3b-f3ba8804e0dd",
              "parentUUID": "ba4e5152-7727-4ea8-b4b8-88dd1dda06c6",
              "isHook": false,
              "skipped": false
            },
            {
              "title": "cy.reload() - reload the page",
              "fullTitle": "Navigation cy.reload() - reload the page",
              "timedOut": null,
              "duration": 1958,
              "state": "passed",
              "speed": "fast",
              "pass": true,
              "fail": false,
              "pending": false,
              "context": null,
              "code": "// https://on.cypress.io/reload\ncy.reload();\n// reload the page without using the cache\ncy.reload(true);",
              "err": {},
              "uuid": "aac36942-1e6e-4285-a5bd-7985861f0211",
              "parentUUID": "ba4e5152-7727-4ea8-b4b8-88dd1dda06c6",
              "isHook": false,
              "skipped": false
            },
            {
              "title": "cy.visit() - visit a remote url",
              "fullTitle": "Navigation cy.visit() - visit a remote url",
              "timedOut": null,
              "duration": 1462,
              "state": "passed",
              "speed": "fast",
              "pass": true,
              "fail": false,
              "pending": false,
              "context": null,
              "code": "// https://on.cypress.io/visit\n// Visit any sub-domain of your current domain\n// Pass options to the visit\ncy.visit('https://example.cypress.io/commands/navigation', {\n  timeout: 50000,\n  // increase total time for the visit to resolve\n  onBeforeLoad(contentWindow) {\n    // contentWindow is the remote page's window object\n    expect(typeof contentWindow === 'object').to.be.true;\n  },\n  onLoad(contentWindow) {\n    // contentWindow is the remote page's window object\n    expect(typeof contentWindow === 'object').to.be.true;\n  }\n});",
              "err": {},
              "uuid": "d85ef574-b6f3-42b6-842b-72eada2b8c6c",
              "parentUUID": "ba4e5152-7727-4ea8-b4b8-88dd1dda06c6",
              "isHook": false,
              "skipped": false
            }
          ],
          "suites": [],
          "passes": [
            "04e4a811-218d-4962-9d3b-f3ba8804e0dd",
            "aac36942-1e6e-4285-a5bd-7985861f0211",
            "d85ef574-b6f3-42b6-842b-72eada2b8c6c"
          ],
          "failures": [],
          "pending": [],
          "skipped": [],
          "duration": 6955,
          "root": false,
          "rootEmpty": false,
          "_timeout": 2000
        }
      ],
      "passes": [],
      "failures": [],
      "pending": [],
      "skipped": [],
      "duration": 0,
      "root": true,
      "rootEmpty": true,
      "_timeout": 2000
    }
  ],
  "meta": {
    "mocha": {
      "version": "7.0.1"
    },
    "mochawesome": {
      "options": {
        "quiet": false,
        "reportFilename": "mochawesome",
        "saveHtml": false,
        "saveJson": true,
        "consoleReporter": "spec",
        "useInlineDiffs": false,
        "code": true
      },
      "version": "7.1.3"
    },
    "marge": {
      "options": {
        "overwrite": false,
        "html": false,
        "json": true,
        "reportDir": "cypress/reports/html/.jsons"
      },
      "version": "6.2.0"
    }
  }
}